1627571785648	geckodriver	INFO	Listening on 127.0.0.1:62963
1627571786646	mozrunner::runner	INFO	Running command: "/Applications/Firefox.app/Contents/MacOS/firefox-bin" "--marionette" "-foreground" "-no-remote" "-profile" "/var/folders/1p/x1nwsydd7nl499mb2wvg_r0r0000gp/T/rust_mozprofileK9SJ75"
1627571787109	Marionette	INFO	Marionette enabled
2021-07-29 18:16:27.710 firefox-bin[87436:6355016] Warning: Expected min height of view: (<NSButton: 0x128a25400>) to be less than or equal to 30 but got a height of 32.000000. This error will be logged once per view in violation.
2021-07-29 18:16:27.710 firefox-bin[87436:6355016] Warning: Expected min height of view: (<NSButton: 0x134ccc400>) to be less than or equal to 30 but got a height of 32.000000. This error will be logged once per view in violation.
2021-07-29 18:16:27.711 firefox-bin[87436:6355016] Warning: Expected min height of view: (<NSButton: 0x134cd0000>) to be less than or equal to 30 but got a height of 32.000000. This error will be logged once per view in violation.
2021-07-29 18:16:27.711 firefox-bin[87436:6355016] Warning: Expected min height of view: (<NSButton: 0x134cc8400>) to be less than or equal to 30 but got a height of 32.000000. This error will be logged once per view in violation.
2021-07-29 18:16:27.712 firefox-bin[87436:6355016] Warning: Expected min height of view: (<NSButton: 0x134ccb400>) to be less than or equal to 30 but got a height of 32.000000. This error will be logged once per view in violation.
2021-07-29 18:16:27.712 firefox-bin[87436:6355016] Warning: Expected min height of view: (<NSPopoverTouchBarItemButton: 0x134ccec00>) to be less than or equal to 30 but got a height of 32.000000. This error will be logged once per view in violation.
2021-07-29 18:16:27.713 firefox-bin[87436:6355016] Warning: Expected min height of view: (<NSPopoverTouchBarItemButton: 0x135009800>) to be less than or equal to 30 but got a height of 32.000000. This error will be logged once per view in violation.
console.warn: SearchSettings: "get: No settings file exists, new profile?" (new NotFoundError("Could not open the file at /var/folders/1p/x1nwsydd7nl499mb2wvg_r0r0000gp/T/rust_mozprofileK9SJ75/search.json.mozlz4", (void 0)))
console.error: BackgroundUpdate: 
  _reasonsToNotScheduleUpdates: Failed to check for Maintenance Service Registry Key: [Exception... "Component returned failure code: 0x80004001 (NS_ERROR_NOT_IMPLEMENTED) [nsIUpdateProcessor.getServiceRegKeyExists]"  nsresult: "0x80004001 (NS_ERROR_NOT_IMPLEMENTED)"  location: "JS frame :: resource://gre/modules/BackgroundUpdate.jsm :: _reasonsToNotScheduleUpdates :: line 243"  data: no]
1627571788945	Marionette	INFO	Listening on port 62974
1627571789014	Marionette	WARN	TLS certificate errors will be ignored for this session
1627571794266	Marionette	INFO	Stopped listening on port 62974

###!!! [Parent][RunMessage] Error: Channel closing: too late to send/recv, messages will be lost

1627571794691	geckodriver	INFO	Listening on 127.0.0.1:63045
1627571795700	mozrunner::runner	INFO	Running command: "/Applications/Firefox.app/Contents/MacOS/firefox-bin" "--marionette" "-foreground" "-no-remote" "-profile" "/var/folders/1p/x1nwsydd7nl499mb2wvg_r0r0000gp/T/rust_mozprofileETUHz2"
1627571796033	Marionette	INFO	Marionette enabled
2021-07-29 18:16:36.659 firefox-bin[87523:6355854] Warning: Expected min height of view: (<NSButton: 0x13589fc00>) to be less than or equal to 30 but got a height of 32.000000. This error will be logged once per view in violation.
2021-07-29 18:16:36.660 firefox-bin[87523:6355854] Warning: Expected min height of view: (<NSButton: 0x1358a0400>) to be less than or equal to 30 but got a height of 32.000000. This error will be logged once per view in violation.
2021-07-29 18:16:36.660 firefox-bin[87523:6355854] Warning: Expected min height of view: (<NSButton: 0x1358a1000>) to be less than or equal to 30 but got a height of 32.000000. This error will be logged once per view in violation.
2021-07-29 18:16:36.661 firefox-bin[87523:6355854] Warning: Expected min height of view: (<NSButton: 0x1358a1400>) to be less than or equal to 30 but got a height of 32.000000. This error will be logged once per view in violation.
2021-07-29 18:16:36.661 firefox-bin[87523:6355854] Warning: Expected min height of view: (<NSButton: 0x1358a2400>) to be less than or equal to 30 but got a height of 32.000000. This error will be logged once per view in violation.
2021-07-29 18:16:36.662 firefox-bin[87523:6355854] Warning: Expected min height of view: (<NSPopoverTouchBarItemButton: 0x1358a7000>) to be less than or equal to 30 but got a height of 32.000000. This error will be logged once per view in violation.
2021-07-29 18:16:36.662 firefox-bin[87523:6355854] Warning: Expected min height of view: (<NSPopoverTouchBarItemButton: 0x135999400>) to be less than or equal to 30 but got a height of 32.000000. This error will be logged once per view in violation.
console.warn: SearchSettings: "get: No settings file exists, new profile?" (new NotFoundError("Could not open the file at /var/folders/1p/x1nwsydd7nl499mb2wvg_r0r0000gp/T/rust_mozprofileETUHz2/search.json.mozlz4", (void 0)))
console.error: BackgroundUpdate: 
  _reasonsToNotScheduleUpdates: Failed to check for Maintenance Service Registry Key: [Exception... "Component returned failure code: 0x80004001 (NS_ERROR_NOT_IMPLEMENTED) [nsIUpdateProcessor.getServiceRegKeyExists]"  nsresult: "0x80004001 (NS_ERROR_NOT_IMPLEMENTED)"  location: "JS frame :: resource://gre/modules/BackgroundUpdate.jsm :: _reasonsToNotScheduleUpdates :: line 243"  data: no]
1627571797787	Marionette	INFO	Listening on port 63056
1627571797866	Marionette	WARN	TLS certificate errors will be ignored for this session
1627571805694	Marionette	INFO	Stopped listening on port 63056

###!!! [Parent][RunMessage] Error: Channel closing: too late to send/recv, messages will be lost

1627571902355	geckodriver	INFO	Listening on 127.0.0.1:63374
1627571903365	mozrunner::runner	INFO	Running command: "/Applications/Firefox.app/Contents/MacOS/firefox-bin" "--marionette" "-foreground" "-no-remote" "-profile" "/var/folders/1p/x1nwsydd7nl499mb2wvg_r0r0000gp/T/rust_mozprofileRU56Iu"
1627571903882	Marionette	INFO	Marionette enabled
2021-07-29 18:18:24.460 firefox-bin[88365:6359671] Warning: Expected min height of view: (<NSButton: 0x12e5fac00>) to be less than or equal to 30 but got a height of 32.000000. This error will be logged once per view in violation.
2021-07-29 18:18:24.461 firefox-bin[88365:6359671] Warning: Expected min height of view: (<NSButton: 0x13a7df000>) to be less than or equal to 30 but got a height of 32.000000. This error will be logged once per view in violation.
2021-07-29 18:18:24.461 firefox-bin[88365:6359671] Warning: Expected min height of view: (<NSButton: 0x13a7e3000>) to be less than or equal to 30 but got a height of 32.000000. This error will be logged once per view in violation.
2021-07-29 18:18:24.462 firefox-bin[88365:6359671] Warning: Expected min height of view: (<NSButton: 0x13a7e1000>) to be less than or equal to 30 but got a height of 32.000000. This error will be logged once per view in violation.
2021-07-29 18:18:24.462 firefox-bin[88365:6359671] Warning: Expected min height of view: (<NSButton: 0x13a7df800>) to be less than or equal to 30 but got a height of 32.000000. This error will be logged once per view in violation.
2021-07-29 18:18:24.463 firefox-bin[88365:6359671] Warning: Expected min height of view: (<NSPopoverTouchBarItemButton: 0x13a7e3c00>) to be less than or equal to 30 but got a height of 32.000000. This error will be logged once per view in violation.
2021-07-29 18:18:24.463 firefox-bin[88365:6359671] Warning: Expected min height of view: (<NSPopoverTouchBarItemButton: 0x13ab0f000>) to be less than or equal to 30 but got a height of 32.000000. This error will be logged once per view in violation.
console.warn: SearchSettings: "get: No settings file exists, new profile?" (new NotFoundError("Could not open the file at /var/folders/1p/x1nwsydd7nl499mb2wvg_r0r0000gp/T/rust_mozprofileRU56Iu/search.json.mozlz4", (void 0)))
console.error: BackgroundUpdate: 
  _reasonsToNotScheduleUpdates: Failed to check for Maintenance Service Registry Key: [Exception... "Component returned failure code: 0x80004001 (NS_ERROR_NOT_IMPLEMENTED) [nsIUpdateProcessor.getServiceRegKeyExists]"  nsresult: "0x80004001 (NS_ERROR_NOT_IMPLEMENTED)"  location: "JS frame :: resource://gre/modules/BackgroundUpdate.jsm :: _reasonsToNotScheduleUpdates :: line 243"  data: no]
1627571906026	Marionette	INFO	Listening on port 63389
1627571906075	Marionette	WARN	TLS certificate errors will be ignored for this session
1627571907122	Marionette	WARN	TimedPromise timed out after 500 ms: stacktrace:
TimedPromise/<@chrome://marionette/content/sync.js:237:19
TimedPromise@chrome://marionette/content/sync.js:222:10
interaction.flushEventLoop@chrome://marionette/content/interaction.js:431:10
webdriverClickElement@chrome://marionette/content/interaction.js:179:31
1627571908076	Marionette	WARN	TimedPromise timed out after 500 ms: stacktrace:
TimedPromise/<@chrome://marionette/content/sync.js:237:19
TimedPromise@chrome://marionette/content/sync.js:222:10
interaction.flushEventLoop@chrome://marionette/content/interaction.js:431:10
webdriverClickElement@chrome://marionette/content/interaction.js:179:31
1627571909305	Marionette	WARN	TimedPromise timed out after 500 ms: stacktrace:
TimedPromise/<@chrome://marionette/content/sync.js:237:19
TimedPromise@chrome://marionette/content/sync.js:222:10
interaction.flushEventLoop@chrome://marionette/content/interaction.js:431:10
webdriverClickElement@chrome://marionette/content/interaction.js:179:31
1627571910534	Marionette	WARN	TimedPromise timed out after 500 ms: stacktrace:
TimedPromise/<@chrome://marionette/content/sync.js:237:19
TimedPromise@chrome://marionette/content/sync.js:222:10
interaction.flushEventLoop@chrome://marionette/content/interaction.js:431:10
webdriverClickElement@chrome://marionette/content/interaction.js:179:31
1627571911756	Marionette	WARN	TimedPromise timed out after 500 ms: stacktrace:
TimedPromise/<@chrome://marionette/content/sync.js:237:19
TimedPromise@chrome://marionette/content/sync.js:222:10
interaction.flushEventLoop@chrome://marionette/content/interaction.js:431:10
webdriverClickElement@chrome://marionette/content/interaction.js:179:31
1627571913225	Marionette	WARN	TimedPromise timed out after 500 ms: stacktrace:
TimedPromise/<@chrome://marionette/content/sync.js:237:19
TimedPromise@chrome://marionette/content/sync.js:222:10
interaction.flushEventLoop@chrome://marionette/content/interaction.js:431:10
webdriverClickElement@chrome://marionette/content/interaction.js:179:31
1627571914452	Marionette	WARN	TimedPromise timed out after 500 ms: stacktrace:
TimedPromise/<@chrome://marionette/content/sync.js:237:19
TimedPromise@chrome://marionette/content/sync.js:222:10
interaction.flushEventLoop@chrome://marionette/content/interaction.js:431:10
webdriverClickElement@chrome://marionette/content/interaction.js:179:31
1627571915667	Marionette	WARN	TimedPromise timed out after 500 ms: stacktrace:
TimedPromise/<@chrome://marionette/content/sync.js:237:19
TimedPromise@chrome://marionette/content/sync.js:222:10
interaction.flushEventLoop@chrome://marionette/content/interaction.js:431:10
webdriverClickElement@chrome://marionette/content/interaction.js:179:31
1627571916887	Marionette	WARN	TimedPromise timed out after 500 ms: stacktrace:
TimedPromise/<@chrome://marionette/content/sync.js:237:19
TimedPromise@chrome://marionette/content/sync.js:222:10
interaction.flushEventLoop@chrome://marionette/content/interaction.js:431:10
webdriverClickElement@chrome://marionette/content/interaction.js:179:31
1627571918116	Marionette	WARN	TimedPromise timed out after 500 ms: stacktrace:
TimedPromise/<@chrome://marionette/content/sync.js:237:19
TimedPromise@chrome://marionette/content/sync.js:222:10
interaction.flushEventLoop@chrome://marionette/content/interaction.js:431:10
webdriverClickElement@chrome://marionette/content/interaction.js:179:31
1627571919343	Marionette	WARN	TimedPromise timed out after 500 ms: stacktrace:
TimedPromise/<@chrome://marionette/content/sync.js:237:19
TimedPromise@chrome://marionette/content/sync.js:222:10
interaction.flushEventLoop@chrome://marionette/content/interaction.js:431:10
webdriverClickElement@chrome://marionette/content/interaction.js:179:31
1627571919998	Marionette	INFO	Stopped listening on port 63389

###!!! [Parent][RunMessage] Error: Channel closing: too late to send/recv, messages will be lost

1627571920396	geckodriver	INFO	Listening on 127.0.0.1:63502
1627571921406	mozrunner::runner	INFO	Running command: "/Applications/Firefox.app/Contents/MacOS/firefox-bin" "--marionette" "-foreground" "-no-remote" "-profile" "/var/folders/1p/x1nwsydd7nl499mb2wvg_r0r0000gp/T/rust_mozprofilepuXvxi"
1627571921728	Marionette	INFO	Marionette enabled
2021-07-29 18:18:42.286 firefox-bin[88543:6360758] Warning: Expected min height of view: (<NSButton: 0x130df3c00>) to be less than or equal to 30 but got a height of 32.000000. This error will be logged once per view in violation.
2021-07-29 18:18:42.286 firefox-bin[88543:6360758] Warning: Expected min height of view: (<NSButton: 0x13cb7d000>) to be less than or equal to 30 but got a height of 32.000000. This error will be logged once per view in violation.
2021-07-29 18:18:42.287 firefox-bin[88543:6360758] Warning: Expected min height of view: (<NSButton: 0x13cb7b000>) to be less than or equal to 30 but got a height of 32.000000. This error will be logged once per view in violation.
2021-07-29 18:18:42.287 firefox-bin[88543:6360758] Warning: Expected min height of view: (<NSButton: 0x13cb7f000>) to be less than or equal to 30 but got a height of 32.000000. This error will be logged once per view in violation.
2021-07-29 18:18:42.288 firefox-bin[88543:6360758] Warning: Expected min height of view: (<NSButton: 0x13cb7b800>) to be less than or equal to 30 but got a height of 32.000000. This error will be logged once per view in violation.
2021-07-29 18:18:42.288 firefox-bin[88543:6360758] Warning: Expected min height of view: (<NSPopoverTouchBarItemButton: 0x13cb80c00>) to be less than or equal to 30 but got a height of 32.000000. This error will be logged once per view in violation.
2021-07-29 18:18:42.289 firefox-bin[88543:6360758] Warning: Expected min height of view: (<NSPopoverTouchBarItemButton: 0x13cd9cc00>) to be less than or equal to 30 but got a height of 32.000000. This error will be logged once per view in violation.
console.warn: SearchSettings: "get: No settings file exists, new profile?" (new NotFoundError("Could not open the file at /var/folders/1p/x1nwsydd7nl499mb2wvg_r0r0000gp/T/rust_mozprofilepuXvxi/search.json.mozlz4", (void 0)))
console.error: BackgroundUpdate: 
  _reasonsToNotScheduleUpdates: Failed to check for Maintenance Service Registry Key: [Exception... "Component returned failure code: 0x80004001 (NS_ERROR_NOT_IMPLEMENTED) [nsIUpdateProcessor.getServiceRegKeyExists]"  nsresult: "0x80004001 (NS_ERROR_NOT_IMPLEMENTED)"  location: "JS frame :: resource://gre/modules/BackgroundUpdate.jsm :: _reasonsToNotScheduleUpdates :: line 243"  data: no]
1627571923357	Marionette	INFO	Listening on port 63513
1627571923376	Marionette	WARN	TLS certificate errors will be ignored for this session
1627571926248	Marionette	WARN	TimedPromise timed out after 500 ms: stacktrace:
TimedPromise/<@chrome://marionette/content/sync.js:237:19
TimedPromise@chrome://marionette/content/sync.js:222:10
interaction.flushEventLoop@chrome://marionette/content/interaction.js:431:10
webdriverClickElement@chrome://marionette/content/interaction.js:179:31
1627571927478	Marionette	WARN	TimedPromise timed out after 500 ms: stacktrace:
TimedPromise/<@chrome://marionette/content/sync.js:237:19
TimedPromise@chrome://marionette/content/sync.js:222:10
interaction.flushEventLoop@chrome://marionette/content/interaction.js:431:10
webdriverClickElement@chrome://marionette/content/interaction.js:179:31
1627571928702	Marionette	WARN	TimedPromise timed out after 500 ms: stacktrace:
TimedPromise/<@chrome://marionette/content/sync.js:237:19
TimedPromise@chrome://marionette/content/sync.js:222:10
interaction.flushEventLoop@chrome://marionette/content/interaction.js:431:10
webdriverClickElement@chrome://marionette/content/interaction.js:179:31
1627571929927	Marionette	WARN	TimedPromise timed out after 500 ms: stacktrace:
TimedPromise/<@chrome://marionette/content/sync.js:237:19
TimedPromise@chrome://marionette/content/sync.js:222:10
interaction.flushEventLoop@chrome://marionette/content/interaction.js:431:10
webdriverClickElement@chrome://marionette/content/interaction.js:179:31
1627571931168	Marionette	WARN	TimedPromise timed out after 500 ms: stacktrace:
TimedPromise/<@chrome://marionette/content/sync.js:237:19
TimedPromise@chrome://marionette/content/sync.js:222:10
interaction.flushEventLoop@chrome://marionette/content/interaction.js:431:10
webdriverClickElement@chrome://marionette/content/interaction.js:179:31
1627571932613	Marionette	WARN	TimedPromise timed out after 500 ms: stacktrace:
TimedPromise/<@chrome://marionette/content/sync.js:237:19
TimedPromise@chrome://marionette/content/sync.js:222:10
interaction.flushEventLoop@chrome://marionette/content/interaction.js:431:10
webdriverClickElement@chrome://marionette/content/interaction.js:179:31
1627571933552	Marionette	WARN	TimedPromise timed out after 500 ms: stacktrace:
TimedPromise/<@chrome://marionette/content/sync.js:237:19
TimedPromise@chrome://marionette/content/sync.js:222:10
interaction.flushEventLoop@chrome://marionette/content/interaction.js:431:10
webdriverClickElement@chrome://marionette/content/interaction.js:179:31
1627571934998	Marionette	WARN	TimedPromise timed out after 500 ms: stacktrace:
TimedPromise/<@chrome://marionette/content/sync.js:237:19
TimedPromise@chrome://marionette/content/sync.js:222:10
interaction.flushEventLoop@chrome://marionette/content/interaction.js:431:10
webdriverClickElement@chrome://marionette/content/interaction.js:179:31
1627571935937	Marionette	WARN	TimedPromise timed out after 500 ms: stacktrace:
TimedPromise/<@chrome://marionette/content/sync.js:237:19
TimedPromise@chrome://marionette/content/sync.js:222:10
interaction.flushEventLoop@chrome://marionette/content/interaction.js:431:10
webdriverClickElement@chrome://marionette/content/interaction.js:179:31
1627571937155	Marionette	WARN	TimedPromise timed out after 500 ms: stacktrace:
TimedPromise/<@chrome://marionette/content/sync.js:237:19
TimedPromise@chrome://marionette/content/sync.js:222:10
interaction.flushEventLoop@chrome://marionette/content/interaction.js:431:10
webdriverClickElement@chrome://marionette/content/interaction.js:179:31
1627571938391	Marionette	WARN	TimedPromise timed out after 500 ms: stacktrace:
TimedPromise/<@chrome://marionette/content/sync.js:237:19
TimedPromise@chrome://marionette/content/sync.js:222:10
interaction.flushEventLoop@chrome://marionette/content/interaction.js:431:10
webdriverClickElement@chrome://marionette/content/interaction.js:179:31
1627571939071	Marionette	INFO	Stopped listening on port 63513

###!!! [Parent][RunMessage] Error: Channel closing: too late to send/recv, messages will be lost

